c:\универ\8 семестр\1_асу\client_db\client_db\x64\debug\vc141.pdb
c:\универ\8 семестр\1_асу\client_db\client_db\x64\debug\connection1.obj
c:\универ\8 семестр\1_асу\client_db\client_db\x64\debug\classnames.obj
c:\универ\8 семестр\1_асу\client_db\client_db\x64\debug\classfunc.obj
c:\универ\8 семестр\1_асу\client_db\client_db\x64\debug\tables.obj
c:\универ\8 семестр\1_асу\client_db\client_db\x64\debug\authorizationform.obj
c:\универ\8 семестр\1_асу\client_db\client_db\x64\debug\clientdb.connection1.resources
c:\универ\8 семестр\1_асу\client_db\client_db\x64\debug\clientdb.tables.resources
c:\универ\8 семестр\1_асу\client_db\client_db\x64\debug\clientdb.authorizationform.resources
c:\универ\8 семестр\1_асу\client_db\client_db\x64\debug\client_db.vcxproj.generateresource.cache
c:\универ\8 семестр\1_асу\client_db\client_db\x64\debug\client_db.vcxprojassemblyreference.cache
c:\универ\8 семестр\1_асу\client_db\client_db\x64\debug\.netframework,version=v4.0.assemblyattributes.obj
c:\универ\8 семестр\1_асу\client_db\x64\debug\clientdb.pdb
c:\универ\8 семестр\1_асу\client_db\x64\debug\clientdb.exe
c:\универ\8 семестр\1_асу\client_db\client_db\x64\debug\clientdb.tlog\cl.command.1.tlog
c:\универ\8 семестр\1_асу\client_db\client_db\x64\debug\clientdb.tlog\cl.read.1.tlog
c:\универ\8 семестр\1_асу\client_db\client_db\x64\debug\clientdb.tlog\cl.write.1.tlog
c:\универ\8 семестр\1_асу\client_db\client_db\x64\debug\clientdb.tlog\clientdb.write.1u.tlog
c:\универ\8 семестр\1_асу\client_db\client_db\x64\debug\clientdb.tlog\link.command.1.tlog
c:\универ\8 семестр\1_асу\client_db\client_db\x64\debug\clientdb.tlog\link.read.1.tlog
c:\универ\8 семестр\1_асу\client_db\client_db\x64\debug\clientdb.tlog\link.write.1.tlog
c:\универ\8 семестр\1_асу\client_db\client_db\x64\debug\clientdb.tlog\metagen.read.1.tlog
c:\универ\8 семестр\1_асу\client_db\client_db\x64\debug\clientdb.tlog\metagen.write.1.tlog
