  AuthorizationForm.cpp
c:\универ\8 семестр\1_асу\client_db\client_db\authorizationform.h(2): warning C4067: unexpected tokens following preprocessor directive - expected a newline
c:\универ\8 семестр\1_асу\client_db\client_db\functional.h(39): warning C4538: 'cli::array<const bool,3>': const/volatile qualifiers on this type are not supported
c:\универ\8 семестр\1_асу\client_db\client_db\functional.h(43): warning C4538: 'cli::array<System::String ^,1>': const/volatile qualifiers on this type are not supported
c:\универ\8 семестр\1_асу\client_db\client_db\functional.h(30): warning C4538: 'cli::array<const bool,3> ^': const/volatile qualifiers on this type are not supported
  c:\универ\8 семестр\1_асу\client_db\client_db\functional.h(30): note: This diagnostic occurred in the compiler generated function 'void Functional::Functional(void)'
c:\универ\8 семестр\1_асу\client_db\client_db\functional.h(42): warning C4538: 'cli::array<System::String ^,1> ^': const/volatile qualifiers on this type are not supported
  c:\универ\8 семестр\1_асу\client_db\client_db\functional.h(42): note: This diagnostic occurred in the compiler generated function 'void Functional::Functional(void)'
c:\универ\8 семестр\1_асу\client_db\client_db\tables.h(2): warning C4067: unexpected tokens following preprocessor directive - expected a newline
c:\универ\8 семестр\1_асу\client_db\client_db\authorizationform.cpp(21): warning C4829: Possibly incorrect parameters to function main. Consider 'int main(Platform::Array<Platform::String^>^ argv)'
  Functional.cpp
c:\универ\8 семестр\1_асу\client_db\client_db\functional.h(39): warning C4538: 'cli::array<const bool,3>': const/volatile qualifiers on this type are not supported
c:\универ\8 семестр\1_асу\client_db\client_db\functional.h(43): warning C4538: 'cli::array<System::String ^,1>': const/volatile qualifiers on this type are not supported
c:\универ\8 семестр\1_асу\client_db\client_db\functional.h(30): warning C4538: 'cli::array<const bool,3> ^': const/volatile qualifiers on this type are not supported
  c:\универ\8 семестр\1_асу\client_db\client_db\functional.h(30): note: This diagnostic occurred in the compiler generated function 'void Functional::Functional(void)'
c:\универ\8 семестр\1_асу\client_db\client_db\functional.h(42): warning C4538: 'cli::array<System::String ^,1> ^': const/volatile qualifiers on this type are not supported
  c:\универ\8 семестр\1_асу\client_db\client_db\functional.h(42): note: This diagnostic occurred in the compiler generated function 'void Functional::Functional(void)'
  Generating Code...
c:\универ\8 семестр\1_асу\client_db\client_db\functional.cpp(99): warning C4715: 'Functional::GetValuesForgetKey': not all control paths return a value
  .NETFramework,Version=v4.0.AssemblyAttributes.cpp
LINK : fatal error LNK1561: entry point must be defined
